生成启动时间为 2017/3/23 13:43:58。
     1>项目“E:\研究生项目\2016.4-6投影变换工作总结\投影变换opencv工程\投影变换opencv\投影变换opencv\投影变换opencv.vcxproj”在节点 2 上(Build 个目标)。
     1>ClCompile:
         D:\vs2013\VC\bin\CL.exe /c /ZI /nologo /W3 /WX- /sdl /Od /Oy- /D WIN32 /D _DEBUG /D _CONSOLE /D _LIB /D _UNICODE /D UNICODE /Gm /EHsc /RTC1 /MTd /GS /fp:precise /Zc:wchar_t /Zc:forScope /Fo"Debug\\" /Fd"Debug\vc120.pdb" /Gd /TP /analyze- /errorReport:prompt imgin2imgout_img_func.cpp imgout2imgin_cor_func.cpp test_img.cpp wrd2img_func.cpp
         test_img.cpp
     1>e:\研究生项目\2016.4-6投影变换工作总结\投影变换opencv工程\投影变换opencv\投影变换opencv\test_img.cpp(116): warning C4244: “参数”: 从“double”转换到“int”，可能丢失数据
     1>e:\研究生项目\2016.4-6投影变换工作总结\投影变换opencv工程\投影变换opencv\投影变换opencv\test_img.cpp(143): warning C4244: “参数”: 从“double”转换到“int”，可能丢失数据
     1>e:\研究生项目\2016.4-6投影变换工作总结\投影变换opencv工程\投影变换opencv\投影变换opencv\test_img.cpp(199): warning C4305: “初始化”: 从“double”到“float”截断
     1>e:\研究生项目\2016.4-6投影变换工作总结\投影变换opencv工程\投影变换opencv\投影变换opencv\test_img.cpp(218): warning C4305: “初始化”: 从“double”到“float”截断
     1>e:\研究生项目\2016.4-6投影变换工作总结\投影变换opencv工程\投影变换opencv\投影变换opencv\test_img.cpp(229): warning C4305: “初始化”: 从“double”到“float”截断
     1>e:\研究生项目\2016.4-6投影变换工作总结\投影变换opencv工程\投影变换opencv\投影变换opencv\test_img.cpp(237): warning C4244: “=”: 从“float”转换到“int”，可能丢失数据
     1>e:\研究生项目\2016.4-6投影变换工作总结\投影变换opencv工程\投影变换opencv\投影变换opencv\test_img.cpp(238): warning C4244: “参数”: 从“float”转换到“int”，可能丢失数据
     1>e:\研究生项目\2016.4-6投影变换工作总结\投影变换opencv工程\投影变换opencv\投影变换opencv\test_img.cpp(256): warning C4305: “初始化”: 从“double”到“float”截断
     1>e:\研究生项目\2016.4-6投影变换工作总结\投影变换opencv工程\投影变换opencv\投影变换opencv\test_img.cpp(267): warning C4305: “初始化”: 从“double”到“float”截断
     1>e:\研究生项目\2016.4-6投影变换工作总结\投影变换opencv工程\投影变换opencv\投影变换opencv\test_img.cpp(275): warning C4244: “=”: 从“float”转换到“int”，可能丢失数据
     1>e:\研究生项目\2016.4-6投影变换工作总结\投影变换opencv工程\投影变换opencv\投影变换opencv\test_img.cpp(276): warning C4244: “参数”: 从“float”转换到“int”，可能丢失数据
     1>e:\研究生项目\2016.4-6投影变换工作总结\投影变换opencv工程\投影变换opencv\投影变换opencv\test_img.cpp(287): warning C4305: “初始化”: 从“double”到“float”截断
     1>e:\研究生项目\2016.4-6投影变换工作总结\投影变换opencv工程\投影变换opencv\投影变换opencv\test_img.cpp(295): warning C4244: “参数”: 从“double”转换到“int”，可能丢失数据
         正在生成代码...
         正在编译...
         imgout2imgin_cor_func.cpp
         正在生成代码...
         正在跳过...(未检测到相关更改)
         imgin2imgout_img_func.cpp
         wrd2img_func.cpp
       Link:
         D:\vs2013\VC\bin\link.exe /ERRORREPORT:PROMPT /OUT:"E:\研究生项目\2016.4-6投影变换工作总结\投影变换opencv工程\投影变换opencv\Debug\投影变换opencv.exe" /INCREMENTAL /NOLOGO /LIBPATH:D:\cv\opencv\build\x86\vc12\staticlib IlmImfd.lib libjasperd.lib libjpegd.lib libpngd.lib libtiffd.lib opencv_calib3d2411d.lib opencv_contrib2411d.lib opencv_core2411d.lib opencv_features2d2411d.lib opencv_flann2411d.lib opencv_gpu2411d.lib opencv_highgui2411d.lib opencv_imgproc2411d.lib opencv_legacy2411d.lib opencv_ml2411d.lib opencv_nonfree2411d.lib opencv_objdetect2411d.lib opencv_ocl2411d.lib opencv_photo2411d.lib opencv_stitching2411d.lib opencv_superres2411d.lib opencv_ts2411d.lib opencv_video2411d.lib opencv_videostab2411d.lib zlibd.lib Vfw32.Lib kernel32.lib user32.lib gdi32.lib winspool.lib comdlg32.lib advapi32.lib shell32.lib ole32.lib oleaut32.lib uuid.lib odbc32.lib odbccp32.lib /NODEFAULTLIB:libcmt.lib /MANIFEST /MANIFESTUAC:"level='asInvoker' uiAccess='false'" /manifest:embed /DEBUG /PDB:"E:\研究生项目\2016.4-6投影变换工作总结\投影变换opencv工程\投影变换opencv\Debug\投影变换opencv.pdb" /SUBSYSTEM:CONSOLE /TLBID:1 /DYNAMICBASE /NXCOMPAT /IMPLIB:"E:\研究生项目\2016.4-6投影变换工作总结\投影变换opencv工程\投影变换opencv\Debug\投影变换opencv.lib" /MACHINE:X86 Debug\img2wrd_func.obj
         Debug\imgin2imgout_img_func.obj
         Debug\imgout2imgin_cor_func.obj
         Debug\matrix.obj
         Debug\test_img.obj
         Debug\wrd2img_func.obj
         投影变换opencv.vcxproj -> E:\研究生项目\2016.4-6投影变换工作总结\投影变换opencv工程\投影变换opencv\Debug\投影变换opencv.exe
     1>已完成生成项目“E:\研究生项目\2016.4-6投影变换工作总结\投影变换opencv工程\投影变换opencv\投影变换opencv\投影变换opencv.vcxproj”(Build 个目标)的操作。

生成成功。

已用时间 00:00:02.27
